  NNet.cpp
C:\Users\Olabode Ige\Downloads\DeepQ\DeepQ\NNet.h(117,26): warning C4305: 'initializing': truncation from 'double' to 'float'
C:\Users\Olabode Ige\Downloads\DeepQ\DeepQ\NNet.cpp(58,20): warning C4018: '<': signed/unsigned mismatch
C:\Users\Olabode Ige\Downloads\DeepQ\DeepQ\NNet.cpp(223,1): warning C4010: single-line comment contains line-continuation character
C:\Users\Olabode Ige\Downloads\DeepQ\DeepQ\NNet.cpp(224,1): warning C4010: single-line comment contains line-continuation character
C:\Users\Olabode Ige\Downloads\DeepQ\DeepQ\NNet.cpp(225,1): warning C4010: single-line comment contains line-continuation character
C:\Users\Olabode Ige\Downloads\DeepQ\DeepQ\NNet.cpp(226,1): warning C4010: single-line comment contains line-continuation character
C:\Users\Olabode Ige\Downloads\DeepQ\DeepQ\NNet.cpp(305,20): warning C4018: '<': signed/unsigned mismatch
C:\Users\Olabode Ige\Downloads\DeepQ\DeepQ\NNet.cpp(311,20): warning C4018: '<': signed/unsigned mismatch
C:\Users\Olabode Ige\Downloads\DeepQ\DeepQ\NNet.cpp(324,21): warning C4018: '<': signed/unsigned mismatch
C:\Users\Olabode Ige\Downloads\DeepQ\DeepQ\NNet.cpp(329,21): warning C4018: '<': signed/unsigned mismatch
C:\Users\Olabode Ige\Downloads\DeepQ\DeepQ\NNet.cpp(337,54): warning C4244: 'argument': conversion from 'unsigned int' to 'float', possible loss of data
C:\Users\Olabode Ige\Downloads\DeepQ\DeepQ\NNet.cpp(358,20): warning C4018: '<': signed/unsigned mismatch
C:\Users\Olabode Ige\Downloads\DeepQ\DeepQ\NNet.cpp(364,20): warning C4018: '<': signed/unsigned mismatch
C:\Users\Olabode Ige\Downloads\DeepQ\DeepQ\NNet.cpp(375,21): warning C4018: '<': signed/unsigned mismatch
C:\Users\Olabode Ige\Downloads\DeepQ\DeepQ\NNet.cpp(380,21): warning C4018: '<': signed/unsigned mismatch
C:\Users\Olabode Ige\Downloads\DeepQ\DeepQ\NNet.cpp(388,54): warning C4244: 'argument': conversion from 'unsigned int' to 'float', possible loss of data
C:\Users\Olabode Ige\Downloads\DeepQ\DeepQ\NNet.cpp(404,20): warning C4018: '<': signed/unsigned mismatch
C:\Users\Olabode Ige\Downloads\DeepQ\DeepQ\NNet.cpp(416,20): warning C4018: '<': signed/unsigned mismatch
C:\Users\Olabode Ige\Downloads\DeepQ\DeepQ\NNet.cpp(431,20): warning C4018: '<': signed/unsigned mismatch
C:\Users\Olabode Ige\Downloads\DeepQ\DeepQ\NNet.cpp(476,21): warning C4018: '<': signed/unsigned mismatch
C:\Users\Olabode Ige\Downloads\DeepQ\DeepQ\NNet.cpp(492,20): warning C4018: '<': signed/unsigned mismatch
C:\Users\Olabode Ige\Downloads\DeepQ\DeepQ\NNet.cpp(504,20): warning C4018: '<': signed/unsigned mismatch
C:\Users\Olabode Ige\Downloads\DeepQ\DeepQ\NNet.cpp(519,20): warning C4018: '<': signed/unsigned mismatch
C:\Users\Olabode Ige\Downloads\DeepQ\DeepQ\NNet.cpp(569,22): warning C4018: '<': signed/unsigned mismatch
C:\Users\Olabode Ige\Downloads\DeepQ\DeepQ\NNet.cpp(630,29): warning C4018: '<': signed/unsigned mismatch
C:\Users\Olabode Ige\Downloads\DeepQ\DeepQ\NNet.cpp(666,29): warning C4018: '<': signed/unsigned mismatch
C:\Users\Olabode Ige\Downloads\DeepQ\DeepQ\NNet.cpp(670,18): warning C4244: 'argument': conversion from 'float' to 'int', possible loss of data
C:\Users\Olabode Ige\Downloads\DeepQ\DeepQ\NNet.cpp(670,15): warning C4244: 'argument': conversion from 'float' to 'int', possible loss of data
C:\Users\Olabode Ige\Downloads\DeepQ\DeepQ\NNet.cpp(724,20): warning C4018: '<': signed/unsigned mismatch
C:\Program Files (x86)\Microsoft Visual Studio\2019\Community\VC\Tools\MSVC\14.24.28314\include\utility(149,16): warning C4244: 'initializing': conversion from '_Ty' to '_Ty1', possible loss of data
          with
          [
              _Ty=int
          ]
          and
          [
              _Ty1=float
          ]
C:\Users\Olabode Ige\Downloads\DeepQ\DeepQ\NNet.cpp(16): message : see reference to function template instantiation 'std::pair<float,float>::pair<int,int,0>(_Other1 &&,_Other2 &&) noexcept' being compiled
          with
          [
              _Other1=int,
              _Other2=int
          ]
C:\Users\Olabode Ige\Downloads\DeepQ\DeepQ\NNet.cpp(16): message : see reference to function template instantiation 'std::pair<float,float>::pair<int,int,0>(_Other1 &&,_Other2 &&) noexcept' being compiled
          with
          [
              _Other1=int,
              _Other2=int
          ]
C:\Program Files (x86)\Microsoft Visual Studio\2019\Community\VC\Tools\MSVC\14.24.28314\include\chrono(632): message : see reference to class template instantiation 'std::chrono::duration<double,std::ratio<1,1>>' being compiled
C:\Program Files (x86)\Microsoft Visual Studio\2019\Community\VC\Tools\MSVC\14.24.28314\include\chrono(178): message : see reference to class template instantiation 'std::chrono::duration<__int64,std::nano>' being compiled
C:\Program Files (x86)\Microsoft Visual Studio\2019\Community\VC\Tools\MSVC\14.24.28314\include\chrono(610): message : see reference to class template instantiation 'std::chrono::time_point<std::chrono::steady_clock,std::chrono::nanoseconds>' being compiled
C:\Program Files (x86)\Microsoft Visual Studio\2019\Community\VC\Tools\MSVC\14.24.28314\include\utility(149,1): warning C4244: 'initializing': conversion from '_Ty' to '_Ty2', possible loss of data
          with
          [
              _Ty=int
          ]
          and
          [
              _Ty2=float
          ]
C:\Users\Olabode Ige\Downloads\DeepQ\DeepQ\NNet.cpp(45): warning C4715: 'Layer::Activate': not all control paths return a value
C:\Users\Olabode Ige\Downloads\DeepQ\DeepQ\NNet.cpp(55): warning C4715: 'Layer::dActivate': not all control paths return a value
  DeepQ.vcxproj -> C:\Users\Olabode Ige\Downloads\DeepQ\Debug\DeepQ.exe
